TN:
SF:budget-core.js
FN:15,titleTooLong
FN:19,defaultGenerateEntryId
FN:27,validateEntry
FN:60,normalizeStoredEntry
FN:83,loadEntries
FN:89,onError
FN:120,calculateTotal
FN:129,calculateBalance
FNF:8
FNH:6
FNDA:0,titleTooLong
FNDA:0,defaultGenerateEntryId
FNDA:5,validateEntry
FNDA:5,normalizeStoredEntry
FNDA:2,loadEntries
FNDA:1,onError
FNDA:2,calculateTotal
FNDA:2,calculateBalance
DA:1,1
DA:2,1
DA:3,1
DA:4,1
DA:5,1
DA:6,1
DA:7,1
DA:8,1
DA:9,1
DA:10,1
DA:11,1
DA:12,1
DA:13,1
DA:14,1
DA:15,1
DA:16,1
DA:17,1
DA:18,1
DA:19,1
DA:20,0
DA:21,0
DA:22,0
DA:23,0
DA:24,0
DA:25,0
DA:26,1
DA:27,1
DA:28,5
DA:29,5
DA:30,5
DA:31,5
DA:32,5
DA:33,5
DA:34,1
DA:35,1
DA:36,4
DA:37,5
DA:38,0
DA:39,0
DA:40,0
DA:41,0
DA:42,0
DA:43,0
DA:44,0
DA:45,0
DA:46,4
DA:47,5
DA:48,0
DA:49,0
DA:50,4
DA:51,4
DA:52,4
DA:53,4
DA:54,4
DA:55,4
DA:56,4
DA:57,4
DA:58,5
DA:59,1
DA:60,1
DA:61,5
DA:62,5
DA:63,5
DA:64,5
DA:65,5
DA:66,5
DA:67,3
DA:68,3
DA:69,3
DA:70,3
DA:71,3
DA:72,3
DA:73,5
DA:74,3
DA:75,3
DA:76,5
DA:77,5
DA:78,5
DA:79,5
DA:80,5
DA:81,5
DA:82,1
DA:83,1
DA:84,2
DA:85,2
DA:86,2
DA:87,2
DA:88,2
DA:89,2
DA:90,2
DA:91,2
DA:92,2
DA:93,2
DA:94,2
DA:95,2
DA:96,2
DA:97,0
DA:98,0
DA:99,1
DA:100,1
DA:101,1
DA:102,3
DA:103,3
DA:104,3
DA:105,3
DA:106,3
DA:107,1
DA:108,1
DA:109,1
DA:110,1
DA:111,1
DA:112,1
DA:113,1
DA:114,0
DA:115,0
DA:116,1
DA:117,1
DA:118,2
DA:119,1
DA:120,1
DA:121,2
DA:122,6
DA:123,3
DA:124,3
DA:125,3
DA:126,2
DA:127,2
DA:128,1
DA:129,1
DA:130,2
DA:131,2
DA:132,1
DA:133,1
DA:134,1
DA:135,1
DA:136,1
DA:137,1
DA:138,1
DA:139,1
DA:140,1
DA:141,1
DA:142,1
DA:143,1
DA:144,1
DA:145,1
DA:146,1
DA:147,1
DA:148,1
DA:149,1
LF:149
LH:129
BRDA:1,0,0,1
BRDA:149,1,0,0
BRDA:1,2,0,1
BRDA:27,3,0,5
BRDA:28,4,0,3
BRDA:28,5,0,2
BRDA:29,6,0,3
BRDA:29,7,0,2
BRDA:30,8,0,0
BRDA:33,9,0,1
BRDA:36,10,0,4
BRDA:37,11,0,0
BRDA:46,12,0,4
BRDA:47,13,0,0
BRDA:50,14,0,4
BRDA:60,15,0,5
BRDA:61,16,0,4
BRDA:61,17,0,2
BRDA:62,18,0,4
BRDA:62,19,0,1
BRDA:63,20,0,4
BRDA:63,21,0,2
BRDA:65,22,0,0
BRDA:66,23,0,2
BRDA:67,24,0,3
BRDA:73,25,0,0
BRDA:74,26,0,3
BRDA:76,27,0,1
BRDA:76,28,0,1
BRDA:76,29,0,2
BRDA:83,30,0,2
BRDA:84,31,0,0
BRDA:87,32,0,1
BRDA:93,33,0,0
BRDA:96,34,0,0
BRDA:99,35,0,1
BRDA:113,36,0,0
BRDA:89,37,0,1
BRDA:101,38,0,3
BRDA:120,39,0,2
BRDA:121,40,0,6
BRDA:122,41,0,3
BRDA:129,42,0,2
BRF:43
BRH:33
end_of_record
